This file contains any messages produced by compilers while
running configure, to aid debugging if configure makes a mistake.

It was created by jellyfish configure 2.2.6, which was
generated by GNU Autoconf 2.69.  Invocation command line was

  $ ./configure --prefix=/Users/ivancoric/Desktop/Bioinformatika/projekt/dBG-Bloom/jellyfish

## --------- ##
## Platform. ##
## --------- ##

hostname = Ivans-MBP
uname -m = x86_64
uname -r = 16.7.0
uname -s = Darwin
uname -v = Darwin Kernel Version 16.7.0: Wed Oct  4 00:17:00 PDT 2017; root:xnu-3789.71.6~1/RELEASE_X86_64

/usr/bin/uname -p = i386
/bin/uname -X     = unknown

/bin/arch              = unknown
/usr/bin/arch -k       = unknown
/usr/convex/getsysinfo = unknown
/usr/bin/hostinfo      = Mach kernel version:
	 Darwin Kernel Version 16.7.0: Wed Oct  4 00:17:00 PDT 2017; root:xnu-3789.71.6~1/RELEASE_X86_64
Kernel configured for up to 4 processors.
2 processors are physically available.
4 processors are logically available.
Processor type: i486 (Intel 80486)
Processors active: 0 1 2 3
Primary memory available: 8.00 gigabytes
Default processor set: 405 tasks, 1527 threads, 4 processors
Load average: 1.37, Mach factor: 2.62
/bin/machine           = unknown
/usr/bin/oslevel       = unknown
/bin/universe          = unknown

PATH: /usr/local/opt/bison/bin
PATH: /opt/local/bin
PATH: /opt/local/sbin
PATH: /usr/local/bin
PATH: /usr/bin
PATH: /bin
PATH: /usr/sbin
PATH: /sbin
PATH: /Library/Frameworks/Mono.framework/Versions/5.2.0/bin
PATH: /opt/X11/bin
PATH: /Library/Frameworks/Mono.framework/Versions/Current/Commands
PATH: /Library/TeX/texbin
PATH: /Users/ivancoric/Documents/Corvus/apache-maven-3.3.9/bin
PATH: /Users/ivancoric/.local/bin


## ----------- ##
## Core tests. ##
## ----------- ##

configure:2525: checking build system type
configure:2539: result: x86_64-apple-darwin16.7.0
configure:2559: checking host system type
configure:2572: result: x86_64-apple-darwin16.7.0
configure:2609: checking for a BSD-compatible install
configure:2677: result: /usr/local/bin/ginstall -c
configure:2688: checking whether build environment is sane
configure:2743: result: yes
configure:2894: checking for a thread-safe mkdir -p
configure:2933: result: /usr/local/bin/gmkdir -p
configure:2940: checking for gawk
configure:2956: found /opt/local/bin/gawk
configure:2967: result: gawk
configure:2978: checking whether make sets $(MAKE)
configure:3000: result: yes
configure:3029: checking whether make supports nested variables
configure:3046: result: yes
configure:3183: checking whether make supports nested variables
configure:3200: result: yes
configure:3260: checking how to print strings
configure:3287: result: printf
configure:3320: checking for style of include used by make
configure:3348: result: GNU
configure:3419: checking for gcc
configure:3435: found /usr/bin/gcc
configure:3446: result: gcc
configure:3675: checking for C compiler version
configure:3684: gcc --version >&5
Apple LLVM version 9.0.0 (clang-900.0.38)
Target: x86_64-apple-darwin16.7.0
Thread model: posix
InstalledDir: /Library/Developer/CommandLineTools/usr/bin
Configured with: --prefix=/Library/Developer/CommandLineTools/usr --with-gxx-include-dir=/usr/include/c++/4.2.1
configure:3695: $? = 0
configure:3684: gcc -v >&5
Configured with: --prefix=/Library/Developer/CommandLineTools/usr --with-gxx-include-dir=/usr/include/c++/4.2.1
Apple LLVM version 9.0.0 (clang-900.0.38)
Target: x86_64-apple-darwin16.7.0
Thread model: posix
InstalledDir: /Library/Developer/CommandLineTools/usr/bin
configure:3695: $? = 0
configure:3684: gcc -V >&5
clang: error: argument to '-V' is missing (expected 1 value)
clang: error: no input files
configure:3695: $? = 1
configure:3684: gcc -qversion >&5
clang: error: unknown argument: '-qversion'
clang: error: no input files
configure:3695: $? = 1
configure:3715: checking whether the C compiler works
configure:3737: gcc    conftest.c  >&5
configure:3741: $? = 0
configure:3789: result: yes
configure:3792: checking for C compiler default output file name
configure:3794: result: a.out
configure:3800: checking for suffix of executables
configure:3807: gcc -o conftest    conftest.c  >&5
configure:3811: $? = 0
configure:3833: result: 
configure:3855: checking whether we are cross compiling
configure:3863: gcc -o conftest    conftest.c  >&5
configure:3867: $? = 0
configure:3874: ./conftest
configure:3878: $? = 0
configure:3893: result: no
configure:3898: checking for suffix of object files
configure:3920: gcc -c   conftest.c >&5
configure:3924: $? = 0
configure:3945: result: o
configure:3949: checking whether we are using the GNU C compiler
configure:3968: gcc -c   conftest.c >&5
configure:3968: $? = 0
configure:3977: result: yes
configure:3986: checking whether gcc accepts -g
configure:4006: gcc -c -g  conftest.c >&5
configure:4006: $? = 0
configure:4047: result: yes
configure:4064: checking for gcc option to accept ISO C89
configure:4127: gcc  -c -g -O2  conftest.c >&5
configure:4127: $? = 0
configure:4140: result: none needed
configure:4165: checking whether gcc understands -c and -o together
configure:4187: gcc -c conftest.c -o conftest2.o
configure:4190: $? = 0
configure:4187: gcc -c conftest.c -o conftest2.o
configure:4190: $? = 0
configure:4202: result: yes
configure:4221: checking dependency style of gcc
configure:4332: result: gcc3
configure:4347: checking for a sed that does not truncate output
configure:4411: result: /usr/bin/sed
configure:4429: checking for grep that handles long lines and -e
configure:4487: result: /usr/bin/grep
configure:4492: checking for egrep
configure:4554: result: /usr/bin/grep -E
configure:4559: checking for fgrep
configure:4621: result: /usr/bin/grep -F
configure:4656: checking for ld used by gcc
configure:4723: result: /Library/Developer/CommandLineTools/usr/bin/ld
configure:4730: checking if the linker (/Library/Developer/CommandLineTools/usr/bin/ld) is GNU ld
configure:4745: result: no
configure:4757: checking for BSD- or MS-compatible name lister (nm)
configure:4806: result: /usr/bin/nm -B
configure:4936: checking the name lister (/usr/bin/nm -B) interface
configure:4943: gcc -c -g -O2  conftest.c >&5
configure:4946: /usr/bin/nm -B "conftest.o"
configure:4949: output
00000000000001f4 S _some_variable
configure:4956: result: BSD nm
configure:4959: checking whether ln -s works
configure:4963: result: yes
configure:4971: checking the maximum length of command line arguments
configure:5102: result: 196608
configure:5119: checking whether the shell understands some XSI constructs
configure:5129: result: yes
configure:5133: checking whether the shell understands "+="
configure:5139: result: yes
configure:5174: checking how to convert x86_64-apple-darwin16.7.0 file names to x86_64-apple-darwin16.7.0 format
configure:5214: result: func_convert_file_noop
configure:5221: checking how to convert x86_64-apple-darwin16.7.0 file names to toolchain format
configure:5241: result: func_convert_file_noop
configure:5248: checking for /Library/Developer/CommandLineTools/usr/bin/ld option to reload object files
configure:5255: result: -r
configure:5329: checking for objdump
configure:5345: found /usr/bin/objdump
configure:5356: result: objdump
configure:5388: checking how to recognize dependent libraries
configure:5586: result: pass_all
configure:5671: checking for dlltool
configure:5701: result: no
configure:5731: checking how to associate runtime and link libraries
configure:5758: result: printf %s\n
configure:5819: checking for ar
configure:5835: found /usr/bin/ar
configure:5846: result: ar
configure:5883: checking for archiver @FILE support
configure:5900: gcc -c -g -O2  conftest.c >&5
configure:5900: $? = 0
configure:5903: ar cru libconftest.a @conftest.lst >&5
ar: @conftest.lst: No such file or directory
configure:5906: $? = 1
configure:5926: result: no
configure:5984: checking for strip
configure:6000: found /usr/bin/strip
configure:6011: result: strip
configure:6083: checking for ranlib
configure:6099: found /usr/bin/ranlib
configure:6110: result: ranlib
configure:6212: checking command to parse /usr/bin/nm -B output from gcc object
configure:6332: gcc -c -g -O2  conftest.c >&5
configure:6335: $? = 0
configure:6339: /usr/bin/nm -B conftest.o \| sed -n -e 's/^.*[ ]\([BCDEGRST][BCDEGRST]*\)[ ][ ]*\([_A-Za-z][_A-Za-z0-9]*\)$/\1 \2 \2/p' | sed '/ __gnu_lto/d' \> conftest.nm
configure:6342: $? = 0
cannot find nm_test_var in conftest.nm
configure:6332: gcc -c -g -O2  conftest.c >&5
configure:6335: $? = 0
configure:6339: /usr/bin/nm -B conftest.o \| sed -n -e 's/^.*[ ]\([BCDEGRST][BCDEGRST]*\)[ ][ ]*_\([_A-Za-z][_A-Za-z0-9]*\)$/\1 _\2 \2/p' | sed '/ __gnu_lto/d' \> conftest.nm
configure:6342: $? = 0
configure:6408: gcc -o conftest -g -O2   conftest.c conftstm.o >&5
warning: (x86_64)  could not find object file symbol for symbol _main
configure:6411: $? = 0
configure:6449: result: ok
configure:6486: checking for sysroot
configure:6516: result: no
configure:6785: checking for mt
configure:6815: result: no
configure:6835: checking if : is a manifest tool
configure:6841: : '-?'
configure:6849: result: no
configure:6905: checking for dsymutil
configure:6921: found /usr/bin/dsymutil
configure:6932: result: dsymutil
configure:6997: checking for nmedit
configure:7013: found /usr/bin/nmedit
configure:7024: result: nmedit
configure:7089: checking for lipo
configure:7105: found /usr/bin/lipo
configure:7116: result: lipo
configure:7181: checking for otool
configure:7197: found /usr/bin/otool
configure:7208: result: otool
configure:7273: checking for otool64
configure:7303: result: no
configure:7348: checking for -single_module linker flag
gcc -g -O2  -o libconftest.dylib -dynamiclib -Wl,-single_module conftest.c
configure:7381: result: yes
configure:7384: checking for -exported_symbols_list linker flag
configure:7404: gcc -o conftest -g -O2   -Wl,-exported_symbols_list,conftest.sym conftest.c  >&5
configure:7404: $? = 0
configure:7414: result: yes
configure:7417: checking for -force_load linker flag
gcc -g -O2 -c -o conftest.o conftest.c
ar cru libconftest.a conftest.o
ranlib libconftest.a
gcc -g -O2  -o conftest conftest.c -Wl,-force_load,./libconftest.a
configure:7449: result: yes
configure:7491: checking how to run the C preprocessor
configure:7522: gcc -E  conftest.c
configure:7522: $? = 0
configure:7536: gcc -E  conftest.c
conftest.c:11:10: fatal error: 'ac_nonexistent.h' file not found
#include <ac_nonexistent.h>
         ^~~~~~~~~~~~~~~~~~
1 error generated.
configure:7536: $? = 1
configure: failed program was:
| /* confdefs.h */
| #define PACKAGE_NAME "jellyfish"
| #define PACKAGE_TARNAME "jellyfish"
| #define PACKAGE_VERSION "2.2.6"
| #define PACKAGE_STRING "jellyfish 2.2.6"
| #define PACKAGE_BUGREPORT "gmarcais@umd.edu"
| #define PACKAGE_URL ""
| #define PACKAGE "jellyfish"
| #define VERSION "2.2.6"
| /* end confdefs.h.  */
| #include <ac_nonexistent.h>
configure:7561: result: gcc -E
configure:7581: gcc -E  conftest.c
configure:7581: $? = 0
configure:7595: gcc -E  conftest.c
conftest.c:11:10: fatal error: 'ac_nonexistent.h' file not found
#include <ac_nonexistent.h>
         ^~~~~~~~~~~~~~~~~~
1 error generated.
configure:7595: $? = 1
configure: failed program was:
| /* confdefs.h */
| #define PACKAGE_NAME "jellyfish"
| #define PACKAGE_TARNAME "jellyfish"
| #define PACKAGE_VERSION "2.2.6"
| #define PACKAGE_STRING "jellyfish 2.2.6"
| #define PACKAGE_BUGREPORT "gmarcais@umd.edu"
| #define PACKAGE_URL ""
| #define PACKAGE "jellyfish"
| #define VERSION "2.2.6"
| /* end confdefs.h.  */
| #include <ac_nonexistent.h>
configure:7624: checking for ANSI C header files
configure:7644: gcc -c -g -O2  conftest.c >&5
configure:7644: $? = 0
configure:7717: gcc -o conftest -g -O2   conftest.c  >&5
configure:7717: $? = 0
configure:7717: ./conftest
configure:7717: $? = 0
configure:7728: result: yes
configure:7741: checking for sys/types.h
configure:7741: gcc -c -g -O2  conftest.c >&5
configure:7741: $? = 0
configure:7741: result: yes
configure:7741: checking for sys/stat.h
configure:7741: gcc -c -g -O2  conftest.c >&5
configure:7741: $? = 0
configure:7741: result: yes
configure:7741: checking for stdlib.h
configure:7741: gcc -c -g -O2  conftest.c >&5
configure:7741: $? = 0
configure:7741: result: yes
configure:7741: checking for string.h
configure:7741: gcc -c -g -O2  conftest.c >&5
configure:7741: $? = 0
configure:7741: result: yes
configure:7741: checking for memory.h
configure:7741: gcc -c -g -O2  conftest.c >&5
configure:7741: $? = 0
configure:7741: result: yes
configure:7741: checking for strings.h
configure:7741: gcc -c -g -O2  conftest.c >&5
configure:7741: $? = 0
configure:7741: result: yes
configure:7741: checking for inttypes.h
configure:7741: gcc -c -g -O2  conftest.c >&5
configure:7741: $? = 0
configure:7741: result: yes
configure:7741: checking for stdint.h
configure:7741: gcc -c -g -O2  conftest.c >&5
configure:7741: $? = 0
configure:7741: result: yes
configure:7741: checking for unistd.h
configure:7741: gcc -c -g -O2  conftest.c >&5
configure:7741: $? = 0
configure:7741: result: yes
configure:7755: checking for dlfcn.h
configure:7755: gcc -c -g -O2  conftest.c >&5
configure:7755: $? = 0
configure:7755: result: yes
configure:7961: checking for objdir
configure:7976: result: .libs
configure:8247: checking if gcc supports -fno-rtti -fno-exceptions
configure:8265: gcc -c -g -O2  -fno-rtti -fno-exceptions conftest.c >&5
configure:8269: $? = 0
configure:8282: result: yes
configure:8609: checking for gcc option to produce PIC
configure:8616: result: -fno-common -DPIC
configure:8624: checking if gcc PIC flag -fno-common -DPIC works
configure:8642: gcc -c -g -O2  -fno-common -DPIC -DPIC conftest.c >&5
configure:8646: $? = 0
configure:8659: result: yes
configure:8688: checking if gcc static flag -static works
configure:8716: result: no
configure:8731: checking if gcc supports -c -o file.o
configure:8752: gcc -c -g -O2  -o out/conftest2.o conftest.c >&5
configure:8756: $? = 0
configure:8778: result: yes
configure:8786: checking if gcc supports -c -o file.o
configure:8833: result: yes
configure:8866: checking whether the gcc linker (/Library/Developer/CommandLineTools/usr/bin/ld) supports shared libraries
configure:10023: result: yes
configure:10263: checking dynamic linker characteristics
configure:10997: result: darwin16.7.0 dyld
configure:11104: checking how to hardcode library paths into programs
configure:11129: result: immediate
configure:11669: checking whether stripping libraries is possible
configure:11683: result: yes
configure:11709: checking if libtool supports shared libraries
configure:11711: result: yes
configure:11714: checking whether to build shared libraries
configure:11735: result: yes
configure:11738: checking whether to build static libraries
configure:11742: result: yes
configure:11848: checking for g++
configure:11864: found /usr/bin/g++
configure:11875: result: g++
configure:11902: checking for C++ compiler version
configure:11911: g++ --version >&5
Apple LLVM version 9.0.0 (clang-900.0.38)
Target: x86_64-apple-darwin16.7.0
Thread model: posix
InstalledDir: /Library/Developer/CommandLineTools/usr/bin
Configured with: --prefix=/Library/Developer/CommandLineTools/usr --with-gxx-include-dir=/usr/include/c++/4.2.1
configure:11922: $? = 0
configure:11911: g++ -v >&5
Configured with: --prefix=/Library/Developer/CommandLineTools/usr --with-gxx-include-dir=/usr/include/c++/4.2.1
Apple LLVM version 9.0.0 (clang-900.0.38)
Target: x86_64-apple-darwin16.7.0
Thread model: posix
InstalledDir: /Library/Developer/CommandLineTools/usr/bin
configure:11922: $? = 0
configure:11911: g++ -V >&5
clang: error: argument to '-V' is missing (expected 1 value)
clang: error: no input files
configure:11922: $? = 1
configure:11911: g++ -qversion >&5
clang: error: unknown argument: '-qversion'
clang: error: no input files
configure:11922: $? = 1
configure:11926: checking whether we are using the GNU C++ compiler
configure:11945: g++ -c -std=c++0x   conftest.cpp >&5
configure:11945: $? = 0
configure:11954: result: yes
configure:11963: checking whether g++ accepts -g
configure:11983: g++ -c -g  conftest.cpp >&5
configure:11983: $? = 0
configure:12024: result: yes
configure:12049: checking dependency style of g++
configure:12160: result: gcc3
configure:12193: checking how to run the C++ preprocessor
configure:12220: g++ -E  conftest.cpp
configure:12220: $? = 0
configure:12234: g++ -E  conftest.cpp
conftest.cpp:23:10: fatal error: 'ac_nonexistent.h' file not found
#include <ac_nonexistent.h>
         ^~~~~~~~~~~~~~~~~~
1 error generated.
configure:12234: $? = 1
configure: failed program was:
| /* confdefs.h */
| #define PACKAGE_NAME "jellyfish"
| #define PACKAGE_TARNAME "jellyfish"
| #define PACKAGE_VERSION "2.2.6"
| #define PACKAGE_STRING "jellyfish 2.2.6"
| #define PACKAGE_BUGREPORT "gmarcais@umd.edu"
| #define PACKAGE_URL ""
| #define PACKAGE "jellyfish"
| #define VERSION "2.2.6"
| #define STDC_HEADERS 1
| #define HAVE_SYS_TYPES_H 1
| #define HAVE_SYS_STAT_H 1
| #define HAVE_STDLIB_H 1
| #define HAVE_STRING_H 1
| #define HAVE_MEMORY_H 1
| #define HAVE_STRINGS_H 1
| #define HAVE_INTTYPES_H 1
| #define HAVE_STDINT_H 1
| #define HAVE_UNISTD_H 1
| #define HAVE_DLFCN_H 1
| #define LT_OBJDIR ".libs/"
| /* end confdefs.h.  */
| #include <ac_nonexistent.h>
configure:12259: result: g++ -E
configure:12279: g++ -E  conftest.cpp
configure:12279: $? = 0
configure:12293: g++ -E  conftest.cpp
conftest.cpp:23:10: fatal error: 'ac_nonexistent.h' file not found
#include <ac_nonexistent.h>
         ^~~~~~~~~~~~~~~~~~
1 error generated.
configure:12293: $? = 1
configure: failed program was:
| /* confdefs.h */
| #define PACKAGE_NAME "jellyfish"
| #define PACKAGE_TARNAME "jellyfish"
| #define PACKAGE_VERSION "2.2.6"
| #define PACKAGE_STRING "jellyfish 2.2.6"
| #define PACKAGE_BUGREPORT "gmarcais@umd.edu"
| #define PACKAGE_URL ""
| #define PACKAGE "jellyfish"
| #define VERSION "2.2.6"
| #define STDC_HEADERS 1
| #define HAVE_SYS_TYPES_H 1
| #define HAVE_SYS_STAT_H 1
| #define HAVE_STDLIB_H 1
| #define HAVE_STRING_H 1
| #define HAVE_MEMORY_H 1
| #define HAVE_STRINGS_H 1
| #define HAVE_INTTYPES_H 1
| #define HAVE_STDINT_H 1
| #define HAVE_UNISTD_H 1
| #define HAVE_DLFCN_H 1
| #define LT_OBJDIR ".libs/"
| /* end confdefs.h.  */
| #include <ac_nonexistent.h>
configure:12462: checking for ld used by g++
configure:12529: result: /Library/Developer/CommandLineTools/usr/bin/ld
configure:12536: checking if the linker (/Library/Developer/CommandLineTools/usr/bin/ld) is GNU ld
configure:12551: result: no
configure:12606: checking whether the g++ linker (/Library/Developer/CommandLineTools/usr/bin/ld) supports shared libraries
configure:13608: result: yes
configure:13644: g++ -c -std=c++0x   conftest.cpp >&5
configure:13647: $? = 0
configure:14167: checking for g++ option to produce PIC
configure:14174: result: -fno-common -DPIC
configure:14182: checking if g++ PIC flag -fno-common -DPIC works
configure:14200: g++ -c -std=c++0x   -fno-common -DPIC -DPIC conftest.cpp >&5
configure:14204: $? = 0
configure:14217: result: yes
configure:14240: checking if g++ static flag -static works
configure:14268: result: no
configure:14280: checking if g++ supports -c -o file.o
configure:14301: g++ -c -std=c++0x   -o out/conftest2.o conftest.cpp >&5
configure:14305: $? = 0
configure:14327: result: yes
configure:14332: checking if g++ supports -c -o file.o
configure:14379: result: yes
configure:14409: checking whether the g++ linker (/Library/Developer/CommandLineTools/usr/bin/ld) supports shared libraries
configure:14448: result: yes
configure:14589: checking dynamic linker characteristics
configure:15257: result: darwin16.7.0 dyld
configure:15310: checking how to hardcode library paths into programs
configure:15335: result: immediate
configure:15385: checking for md5sum
configure:15415: result: no
configure:15424: checking for md5
configure:15440: found /sbin/md5
configure:15451: result: md5 -r
configure:15469: checking for yaggo
configure:15500: result: false
configure:15589: checking for pkg-config
configure:15607: found /opt/local/bin/pkg-config
configure:15619: result: /opt/local/bin/pkg-config
configure:15644: checking pkg-config is at least version 0.9.0
configure:15647: result: yes
configure:15763: checking for __int128
configure:15763: g++ -c -std=c++0x   conftest.cpp >&5
configure:15763: $? = 0
configure:15763: g++ -c -std=c++0x   conftest.cpp >&5
conftest.cpp:60:23: error: expected expression
if (sizeof ((__int128)))
                      ^
1 error generated.
configure:15763: $? = 1
configure: failed program was:
| /* confdefs.h */
| #define PACKAGE_NAME "jellyfish"
| #define PACKAGE_TARNAME "jellyfish"
| #define PACKAGE_VERSION "2.2.6"
| #define PACKAGE_STRING "jellyfish 2.2.6"
| #define PACKAGE_BUGREPORT "gmarcais@umd.edu"
| #define PACKAGE_URL ""
| #define PACKAGE "jellyfish"
| #define VERSION "2.2.6"
| #define STDC_HEADERS 1
| #define HAVE_SYS_TYPES_H 1
| #define HAVE_SYS_STAT_H 1
| #define HAVE_STDLIB_H 1
| #define HAVE_STRING_H 1
| #define HAVE_MEMORY_H 1
| #define HAVE_STRINGS_H 1
| #define HAVE_INTTYPES_H 1
| #define HAVE_STDINT_H 1
| #define HAVE_UNISTD_H 1
| #define HAVE_DLFCN_H 1
| #define LT_OBJDIR ".libs/"
| #define HAVE_SSE 1
| /* end confdefs.h.  */
| #include <stdio.h>
| #ifdef HAVE_SYS_TYPES_H
| # include <sys/types.h>
| #endif
| #ifdef HAVE_SYS_STAT_H
| # include <sys/stat.h>
| #endif
| #ifdef STDC_HEADERS
| # include <stdlib.h>
| # include <stddef.h>
| #else
| # ifdef HAVE_STDLIB_H
| #  include <stdlib.h>
| # endif
| #endif
| #ifdef HAVE_STRING_H
| # if !defined STDC_HEADERS && defined HAVE_MEMORY_H
| #  include <memory.h>
| # endif
| # include <string.h>
| #endif
| #ifdef HAVE_STRINGS_H
| # include <strings.h>
| #endif
| #ifdef HAVE_INTTYPES_H
| # include <inttypes.h>
| #endif
| #ifdef HAVE_STDINT_H
| # include <stdint.h>
| #endif
| #ifdef HAVE_UNISTD_H
| # include <unistd.h>
| #endif
| int
| main ()
| {
| if (sizeof ((__int128)))
| 	    return 0;
|   ;
|   return 0;
| }
configure:15763: result: yes
configure:15770: checking for std::numeric_limits<__int128>
configure:15784: g++ -c -std=c++0x   conftest.cpp >&5
configure:15784: $? = 0
configure:15785: result: yes
configure:15798: checking for _NSGetExecutablePath
configure:15811: g++ -o conftest -std=c++0x    conftest.cpp  >&5
configure:15811: $? = 0
configure:15812: result: yes
configure:15831: checking for execinfo.h
configure:15831: g++ -c -std=c++0x   conftest.cpp >&5
configure:15831: $? = 0
configure:15831: result: yes
configure:15831: checking for ext/stdio_filebuf.h
configure:15831: g++ -c -std=c++0x   conftest.cpp >&5
conftest.cpp:62:10: fatal error: 'ext/stdio_filebuf.h' file not found
#include <ext/stdio_filebuf.h>
         ^~~~~~~~~~~~~~~~~~~~~
1 error generated.
configure:15831: $? = 1
configure: failed program was:
| /* confdefs.h */
| #define PACKAGE_NAME "jellyfish"
| #define PACKAGE_TARNAME "jellyfish"
| #define PACKAGE_VERSION "2.2.6"
| #define PACKAGE_STRING "jellyfish 2.2.6"
| #define PACKAGE_BUGREPORT "gmarcais@umd.edu"
| #define PACKAGE_URL ""
| #define PACKAGE "jellyfish"
| #define VERSION "2.2.6"
| #define STDC_HEADERS 1
| #define HAVE_SYS_TYPES_H 1
| #define HAVE_SYS_STAT_H 1
| #define HAVE_STDLIB_H 1
| #define HAVE_STRING_H 1
| #define HAVE_MEMORY_H 1
| #define HAVE_STRINGS_H 1
| #define HAVE_INTTYPES_H 1
| #define HAVE_STDINT_H 1
| #define HAVE_UNISTD_H 1
| #define HAVE_DLFCN_H 1
| #define LT_OBJDIR ".libs/"
| #define HAVE_SSE 1
| #define HAVE_INT128 1
| #define HAVE_NUMERIC_LIMITS128 1
| #define HAVE_NSGETEXECUTABLEPATH 1
| #define HAVE_EXECINFO_H 1
| /* end confdefs.h.  */
| #include <stdio.h>
| #ifdef HAVE_SYS_TYPES_H
| # include <sys/types.h>
| #endif
| #ifdef HAVE_SYS_STAT_H
| # include <sys/stat.h>
| #endif
| #ifdef STDC_HEADERS
| # include <stdlib.h>
| # include <stddef.h>
| #else
| # ifdef HAVE_STDLIB_H
| #  include <stdlib.h>
| # endif
| #endif
| #ifdef HAVE_STRING_H
| # if !defined STDC_HEADERS && defined HAVE_MEMORY_H
| #  include <memory.h>
| # endif
| # include <string.h>
| #endif
| #ifdef HAVE_STRINGS_H
| # include <strings.h>
| #endif
| #ifdef HAVE_INTTYPES_H
| # include <inttypes.h>
| #endif
| #ifdef HAVE_STDINT_H
| # include <stdint.h>
| #endif
| #ifdef HAVE_UNISTD_H
| # include <unistd.h>
| #endif
| 
| #include <ext/stdio_filebuf.h>
configure:15831: result: no
configure:15847: checking for siginfo_t.si_int
configure:15847: g++ -c -std=c++0x   conftest.cpp >&5
conftest.cpp:34:13: error: no member named 'si_int' in '__siginfo'
if (ac_aggr.si_int)
    ~~~~~~~ ^
1 error generated.
configure:15847: $? = 1
configure: failed program was:
| /* confdefs.h */
| #define PACKAGE_NAME "jellyfish"
| #define PACKAGE_TARNAME "jellyfish"
| #define PACKAGE_VERSION "2.2.6"
| #define PACKAGE_STRING "jellyfish 2.2.6"
| #define PACKAGE_BUGREPORT "gmarcais@umd.edu"
| #define PACKAGE_URL ""
| #define PACKAGE "jellyfish"
| #define VERSION "2.2.6"
| #define STDC_HEADERS 1
| #define HAVE_SYS_TYPES_H 1
| #define HAVE_SYS_STAT_H 1
| #define HAVE_STDLIB_H 1
| #define HAVE_STRING_H 1
| #define HAVE_MEMORY_H 1
| #define HAVE_STRINGS_H 1
| #define HAVE_INTTYPES_H 1
| #define HAVE_STDINT_H 1
| #define HAVE_UNISTD_H 1
| #define HAVE_DLFCN_H 1
| #define LT_OBJDIR ".libs/"
| #define HAVE_SSE 1
| #define HAVE_INT128 1
| #define HAVE_NUMERIC_LIMITS128 1
| #define HAVE_NSGETEXECUTABLEPATH 1
| #define HAVE_EXECINFO_H 1
| /* end confdefs.h.  */
| #include <signal.h>
| 
| int
| main ()
| {
| static siginfo_t ac_aggr;
| if (ac_aggr.si_int)
| return 0;
|   ;
|   return 0;
| }
configure:15847: g++ -c -std=c++0x   conftest.cpp >&5
conftest.cpp:34:20: error: no member named 'si_int' in '__siginfo'
if (sizeof ac_aggr.si_int)
           ~~~~~~~ ^
1 error generated.
configure:15847: $? = 1
configure: failed program was:
| /* confdefs.h */
| #define PACKAGE_NAME "jellyfish"
| #define PACKAGE_TARNAME "jellyfish"
| #define PACKAGE_VERSION "2.2.6"
| #define PACKAGE_STRING "jellyfish 2.2.6"
| #define PACKAGE_BUGREPORT "gmarcais@umd.edu"
| #define PACKAGE_URL ""
| #define PACKAGE "jellyfish"
| #define VERSION "2.2.6"
| #define STDC_HEADERS 1
| #define HAVE_SYS_TYPES_H 1
| #define HAVE_SYS_STAT_H 1
| #define HAVE_STDLIB_H 1
| #define HAVE_STRING_H 1
| #define HAVE_MEMORY_H 1
| #define HAVE_STRINGS_H 1
| #define HAVE_INTTYPES_H 1
| #define HAVE_STDINT_H 1
| #define HAVE_UNISTD_H 1
| #define HAVE_DLFCN_H 1
| #define LT_OBJDIR ".libs/"
| #define HAVE_SSE 1
| #define HAVE_INT128 1
| #define HAVE_NUMERIC_LIMITS128 1
| #define HAVE_NSGETEXECUTABLEPATH 1
| #define HAVE_EXECINFO_H 1
| /* end confdefs.h.  */
| #include <signal.h>
| 
| int
| main ()
| {
| static siginfo_t ac_aggr;
| if (sizeof ac_aggr.si_int)
| return 0;
|   ;
|   return 0;
| }
configure:15847: result: no
configure:16793: checking that generated files are newer than configure
configure:16799: result: done
configure:16842: creating ./config.status

## ---------------------- ##
## Running config.status. ##
## ---------------------- ##

This file was extended by jellyfish config.status 2.2.6, which was
generated by GNU Autoconf 2.69.  Invocation command line was

  CONFIG_FILES    = 
  CONFIG_HEADERS  = 
  CONFIG_LINKS    = 
  CONFIG_COMMANDS = 
  $ ./config.status 

on Ivans-MBP

config.status:1186: creating Makefile
config.status:1186: creating tests/compat.sh
config.status:1186: creating jellyfish-2.0.pc
config.status:1186: creating config.h
config.status:1367: config.h is unchanged
config.status:1415: executing depfiles commands
config.status:1415: executing libtool commands

## ---------------- ##
## Cache variables. ##
## ---------------- ##

ac_cv_build=x86_64-apple-darwin16.7.0
ac_cv_c_compiler_gnu=yes
ac_cv_cxx_compiler_gnu=yes
ac_cv_env_CCC_set=
ac_cv_env_CCC_value=
ac_cv_env_CC_set=
ac_cv_env_CC_value=
ac_cv_env_CFLAGS_set=
ac_cv_env_CFLAGS_value=
ac_cv_env_CPPFLAGS_set=
ac_cv_env_CPPFLAGS_value=
ac_cv_env_CPP_set=
ac_cv_env_CPP_value=
ac_cv_env_CXXCPP_set=
ac_cv_env_CXXCPP_value=
ac_cv_env_CXXFLAGS_set=
ac_cv_env_CXXFLAGS_value=
ac_cv_env_CXX_set=
ac_cv_env_CXX_value=
ac_cv_env_LDFLAGS_set=
ac_cv_env_LDFLAGS_value=
ac_cv_env_LIBS_set=
ac_cv_env_LIBS_value=
ac_cv_env_MD5_set=
ac_cv_env_MD5_value=
ac_cv_env_PERL_EXT_CPPFLAGS_set=
ac_cv_env_PERL_EXT_CPPFLAGS_value=
ac_cv_env_PERL_EXT_INC_set=
ac_cv_env_PERL_EXT_INC_value=
ac_cv_env_PERL_EXT_LDFLAGS_set=
ac_cv_env_PERL_EXT_LDFLAGS_value=
ac_cv_env_PERL_EXT_LIB_set=
ac_cv_env_PERL_EXT_LIB_value=
ac_cv_env_PERL_EXT_PREFIX_set=
ac_cv_env_PERL_EXT_PREFIX_value=
ac_cv_env_PKG_CONFIG_LIBDIR_set=
ac_cv_env_PKG_CONFIG_LIBDIR_value=
ac_cv_env_PKG_CONFIG_PATH_set=
ac_cv_env_PKG_CONFIG_PATH_value=
ac_cv_env_PKG_CONFIG_set=
ac_cv_env_PKG_CONFIG_value=
ac_cv_env_PYTHON_VERSION_set=
ac_cv_env_PYTHON_VERSION_value=
ac_cv_env_RUBY_set=
ac_cv_env_RUBY_value=
ac_cv_env_VALGRIND_CFLAGS_set=
ac_cv_env_VALGRIND_CFLAGS_value=
ac_cv_env_VALGRIND_LIBS_set=
ac_cv_env_VALGRIND_LIBS_value=
ac_cv_env_YAGGO_set=
ac_cv_env_YAGGO_value=
ac_cv_env_build_alias_set=
ac_cv_env_build_alias_value=
ac_cv_env_host_alias_set=
ac_cv_env_host_alias_value=
ac_cv_env_target_alias_set=
ac_cv_env_target_alias_value=
ac_cv_header_dlfcn_h=yes
ac_cv_header_execinfo_h=yes
ac_cv_header_ext_stdio_filebuf_h=no
ac_cv_header_inttypes_h=yes
ac_cv_header_memory_h=yes
ac_cv_header_stdc=yes
ac_cv_header_stdint_h=yes
ac_cv_header_stdlib_h=yes
ac_cv_header_string_h=yes
ac_cv_header_strings_h=yes
ac_cv_header_sys_stat_h=yes
ac_cv_header_sys_types_h=yes
ac_cv_header_unistd_h=yes
ac_cv_host=x86_64-apple-darwin16.7.0
ac_cv_member_siginfo_t_si_int=no
ac_cv_objext=o
ac_cv_path_EGREP='/usr/bin/grep -E'
ac_cv_path_FGREP='/usr/bin/grep -F'
ac_cv_path_GREP=/usr/bin/grep
ac_cv_path_SED=/usr/bin/sed
ac_cv_path_YAGGO=false
ac_cv_path_ac_pt_PKG_CONFIG=/opt/local/bin/pkg-config
ac_cv_path_install='/usr/local/bin/ginstall -c'
ac_cv_path_mkdir=/usr/local/bin/gmkdir
ac_cv_prog_AWK=gawk
ac_cv_prog_CPP='gcc -E'
ac_cv_prog_CXXCPP='g++ -E'
ac_cv_prog_MD5='md5 -r'
ac_cv_prog_ac_ct_AR=ar
ac_cv_prog_ac_ct_CC=gcc
ac_cv_prog_ac_ct_CXX=g++
ac_cv_prog_ac_ct_DSYMUTIL=dsymutil
ac_cv_prog_ac_ct_LIPO=lipo
ac_cv_prog_ac_ct_NMEDIT=nmedit
ac_cv_prog_ac_ct_OBJDUMP=objdump
ac_cv_prog_ac_ct_OTOOL=otool
ac_cv_prog_ac_ct_RANLIB=ranlib
ac_cv_prog_ac_ct_STRIP=strip
ac_cv_prog_cc_c89=
ac_cv_prog_cc_g=yes
ac_cv_prog_cxx_g=yes
ac_cv_prog_make_make_set=yes
ac_cv_type___int128=yes
am_cv_CC_dependencies_compiler_type=gcc3
am_cv_CXX_dependencies_compiler_type=gcc3
am_cv_make_support_nested_variables=yes
am_cv_prog_cc_c_o=yes
lt_cv_apple_cc_single_mod=yes
lt_cv_ar_at_file=no
lt_cv_deplibs_check_method=pass_all
lt_cv_file_magic_cmd='$MAGIC_CMD'
lt_cv_file_magic_test_file=
lt_cv_ld_exported_symbols_list=yes
lt_cv_ld_force_load=yes
lt_cv_ld_reload_flag=-r
lt_cv_nm_interface='BSD nm'
lt_cv_objdir=.libs
lt_cv_path_LD=/Library/Developer/CommandLineTools/usr/bin/ld
lt_cv_path_LDCXX=/Library/Developer/CommandLineTools/usr/bin/ld
lt_cv_path_NM='/usr/bin/nm -B'
lt_cv_path_mainfest_tool=no
lt_cv_prog_compiler_c_o=yes
lt_cv_prog_compiler_c_o_CXX=yes
lt_cv_prog_compiler_pic='-fno-common -DPIC'
lt_cv_prog_compiler_pic_CXX='-fno-common -DPIC'
lt_cv_prog_compiler_pic_works=yes
lt_cv_prog_compiler_pic_works_CXX=yes
lt_cv_prog_compiler_rtti_exceptions=yes
lt_cv_prog_compiler_static_works=no
lt_cv_prog_compiler_static_works_CXX=no
lt_cv_prog_gnu_ld=no
lt_cv_prog_gnu_ldcxx=no
lt_cv_sharedlib_from_linklib_cmd='printf %s\n'
lt_cv_sys_global_symbol_pipe='sed -n -e '\''s/^.*[	 ]\([BCDEGRST][BCDEGRST]*\)[	 ][	 ]*_\([_A-Za-z][_A-Za-z0-9]*\)$/\1 _\2 \2/p'\'' | sed '\''/ __gnu_lto/d'\'''
lt_cv_sys_global_symbol_to_c_name_address='sed -n -e '\''s/^: \([^ ]*\)[ ]*$/  {\"\1\", (void *) 0},/p'\'' -e '\''s/^[BCDEGRST]* \([^ ]*\) \([^ ]*\)$/  {"\2", (void *) \&\2},/p'\'''
lt_cv_sys_global_symbol_to_c_name_address_lib_prefix='sed -n -e '\''s/^: \([^ ]*\)[ ]*$/  {\"\1\", (void *) 0},/p'\'' -e '\''s/^[BCDEGRST]* \([^ ]*\) \(lib[^ ]*\)$/  {"\2", (void *) \&\2},/p'\'' -e '\''s/^[BCDEGRST]* \([^ ]*\) \([^ ]*\)$/  {"lib\2", (void *) \&\2},/p'\'''
lt_cv_sys_global_symbol_to_cdecl='sed -n -e '\''s/^T .* \(.*\)$/extern int \1();/p'\'' -e '\''s/^[BCDEGRST]* .* \(.*\)$/extern char \1;/p'\'''
lt_cv_sys_max_cmd_len=196608
lt_cv_to_host_file_cmd=func_convert_file_noop
lt_cv_to_tool_file_cmd=func_convert_file_noop

## ----------------- ##
## Output variables. ##
## ----------------- ##

ACLOCAL='${SHELL} /Users/ivancoric/Desktop/Bioinformatika/projekt/dBG-Bloom/jellyfish-2.2.6/missing aclocal-1.14'
ALL_CXXFLAGS='-std=c++0x'
AMDEPBACKSLASH='\'
AMDEP_FALSE='#'
AMDEP_TRUE=''
AMTAR='$${TAR-tar}'
AM_BACKSLASH='\'
AM_DEFAULT_V='$(AM_DEFAULT_VERBOSITY)'
AM_DEFAULT_VERBOSITY='0'
AM_V='$(V)'
AR='ar'
AUTOCONF='${SHELL} /Users/ivancoric/Desktop/Bioinformatika/projekt/dBG-Bloom/jellyfish-2.2.6/missing autoconf'
AUTOHEADER='${SHELL} /Users/ivancoric/Desktop/Bioinformatika/projekt/dBG-Bloom/jellyfish-2.2.6/missing autoheader'
AUTOMAKE='${SHELL} /Users/ivancoric/Desktop/Bioinformatika/projekt/dBG-Bloom/jellyfish-2.2.6/missing automake-1.14'
AWK='gawk'
CC='gcc'
CCDEPMODE='depmode=gcc3'
CFLAGS='-g -O2'
CPP='gcc -E'
CPPFLAGS=''
CXX='g++'
CXXCPP='g++ -E'
CXXDEPMODE='depmode=gcc3'
CXXFLAGS='-std=c++0x '
CYGPATH_W='echo'
DEFS='-DHAVE_CONFIG_H'
DEPDIR='.deps'
DLLTOOL='false'
DSYMUTIL='dsymutil'
DUMPBIN=''
ECHO_C='\c'
ECHO_N=''
ECHO_T=''
EGREP='/usr/bin/grep -E'
EXEEXT=''
FGREP='/usr/bin/grep -F'
GREP='/usr/bin/grep'
HAVE_SWIG_FALSE=''
HAVE_SWIG_TRUE='#'
INSTALL_DATA='${INSTALL} -m 644'
INSTALL_PROGRAM='${INSTALL}'
INSTALL_SCRIPT='${INSTALL}'
INSTALL_STRIP_PROGRAM='$(install_sh) -c -s'
LD='/Library/Developer/CommandLineTools/usr/bin/ld'
LDFLAGS=''
LIBOBJS=''
LIBS=''
LIBTOOL='$(SHELL) $(top_builddir)/libtool'
LIPO='lipo'
LN_S='ln -s'
LTLIBOBJS=''
MAKEINFO='${SHELL} /Users/ivancoric/Desktop/Bioinformatika/projekt/dBG-Bloom/jellyfish-2.2.6/missing makeinfo'
MANIFEST_TOOL=':'
MD5='md5 -r'
MKDIR_P='/usr/local/bin/gmkdir -p'
NM='/usr/bin/nm -B'
NMEDIT='nmedit'
OBJDUMP='objdump'
OBJEXT='o'
OTOOL64=':'
OTOOL='otool'
PACKAGE='jellyfish'
PACKAGE_BUGREPORT='gmarcais@umd.edu'
PACKAGE_LIB='2.0'
PACKAGE_NAME='jellyfish'
PACKAGE_STRING='jellyfish 2.2.6'
PACKAGE_TARNAME='jellyfish'
PACKAGE_URL=''
PACKAGE_VERSION='2.2.6'
PATH_SEPARATOR=':'
PERL=''
PERL_BINDING_FALSE=''
PERL_BINDING_TRUE='#'
PERL_EXT_CPPFLAGS=''
PERL_EXT_INC=''
PERL_EXT_LDFLAGS=''
PERL_EXT_LIB=''
PERL_EXT_PREFIX=''
PKG_CONFIG='/opt/local/bin/pkg-config'
PKG_CONFIG_LIBDIR=''
PKG_CONFIG_PATH=''
PYTHON=''
PYTHON_BINDING_FALSE=''
PYTHON_BINDING_TRUE='#'
PYTHON_CPPFLAGS=''
PYTHON_EXTRA_LDFLAGS=''
PYTHON_EXTRA_LIBS=''
PYTHON_LDFLAGS=''
PYTHON_SITE_PKG=''
PYTHON_VERSION=''
RANLIB='ranlib'
RUBY=''
RUBY_BINDING_FALSE=''
RUBY_BINDING_TRUE='#'
RUBY_EXT_CFLAGS=''
RUBY_EXT_LDFLAGS=''
RUBY_EXT_LIB=''
RUBY_EXT_LIBS=''
RUBY_VERSION=''
SED='/usr/bin/sed'
SET_MAKE=''
SHELL='/bin/sh'
STATIC_FLAGS=''
STRIP='strip'
SWIG=''
SWIG_LIB=''
VALGRIND_CFLAGS=''
VALGRIND_LIBS=''
VERSION='2.2.6'
YAGGO='false'
ac_ct_AR='ar'
ac_ct_CC='gcc'
ac_ct_CXX='g++'
ac_ct_DUMPBIN=''
am__EXEEXT_FALSE=''
am__EXEEXT_TRUE='#'
am__fastdepCC_FALSE='#'
am__fastdepCC_TRUE=''
am__fastdepCXX_FALSE='#'
am__fastdepCXX_TRUE=''
am__include='include'
am__isrc=''
am__leading_dot='.'
am__nodep='_no'
am__quote=''
am__tar='$${TAR-tar} chof - "$$tardir"'
am__untar='$${TAR-tar} xf -'
bindir='${exec_prefix}/bin'
build='x86_64-apple-darwin16.7.0'
build_alias=''
build_cpu='x86_64'
build_os='darwin16.7.0'
build_vendor='apple'
datadir='${datarootdir}'
datarootdir='${prefix}/share'
docdir='${datarootdir}/doc/${PACKAGE_TARNAME}'
dvidir='${docdir}'
exec_prefix='${prefix}'
host='x86_64-apple-darwin16.7.0'
host_alias=''
host_cpu='x86_64'
host_os='darwin16.7.0'
host_vendor='apple'
htmldir='${docdir}'
includedir='${prefix}/include'
infodir='${datarootdir}/info'
install_sh='${SHELL} /Users/ivancoric/Desktop/Bioinformatika/projekt/dBG-Bloom/jellyfish-2.2.6/install-sh'
libdir='${exec_prefix}/lib'
libexecdir='${exec_prefix}/libexec'
localedir='${datarootdir}/locale'
localstatedir='${prefix}/var'
mandir='${datarootdir}/man'
mkdir_p='$(MKDIR_P)'
oldincludedir='/usr/include'
pdfdir='${docdir}'
prefix='/Users/ivancoric/Desktop/Bioinformatika/projekt/dBG-Bloom/jellyfish'
program_transform_name='s,x,x,'
psdir='${docdir}'
sbindir='${exec_prefix}/sbin'
sharedstatedir='${prefix}/com'
sysconfdir='${prefix}/etc'
target_alias=''

## ----------- ##
## confdefs.h. ##
## ----------- ##

/* confdefs.h */
#define PACKAGE_NAME "jellyfish"
#define PACKAGE_TARNAME "jellyfish"
#define PACKAGE_VERSION "2.2.6"
#define PACKAGE_STRING "jellyfish 2.2.6"
#define PACKAGE_BUGREPORT "gmarcais@umd.edu"
#define PACKAGE_URL ""
#define PACKAGE "jellyfish"
#define VERSION "2.2.6"
#define STDC_HEADERS 1
#define HAVE_SYS_TYPES_H 1
#define HAVE_SYS_STAT_H 1
#define HAVE_STDLIB_H 1
#define HAVE_STRING_H 1
#define HAVE_MEMORY_H 1
#define HAVE_STRINGS_H 1
#define HAVE_INTTYPES_H 1
#define HAVE_STDINT_H 1
#define HAVE_UNISTD_H 1
#define HAVE_DLFCN_H 1
#define LT_OBJDIR ".libs/"
#define HAVE_SSE 1
#define HAVE_INT128 1
#define HAVE_NUMERIC_LIMITS128 1
#define HAVE_NSGETEXECUTABLEPATH 1
#define HAVE_EXECINFO_H 1

configure: exit 0
